{
  "stats": {
    "suites": 8,
    "tests": 10,
    "passes": 10,
    "pending": 0,
    "failures": 0,
    "start": "2024-02-13T11:39:49.737Z",
    "end": "2024-02-13T11:39:50.956Z",
    "duration": 1219,
    "testsRegistered": 10,
    "passPercent": 100,
    "pendingPercent": 0,
    "other": 0,
    "hasOther": false,
    "skipped": 0,
    "hasSkipped": false
  },
  "results": [
    {
      "uuid": "be0c81ff-1746-4dc5-84e8-5b6e350b6820",
      "title": "",
      "fullFile": "",
      "file": "",
      "beforeHooks": [],
      "afterHooks": [],
      "tests": [],
      "suites": [
        {
          "uuid": "b1b540f2-2e74-4f34-834e-b590c95186a3",
          "title": "API Login Tests",
          "fullFile": "C:\\Pandu\\Bootcamp QA Automation - Sanbercode\\tugaspekanan-3-api-automation\\api-testing-pandu\\ts-1-login.js",
          "file": "\\api-testing-pandu\\ts-1-login.js",
          "beforeHooks": [],
          "afterHooks": [],
          "tests": [
            {
              "title": "TC-001_harus berhasil login dan mengembalikan respon kode 201",
              "fullTitle": "API Login Tests TC-001_harus berhasil login dan mengembalikan respon kode 201",
              "timedOut": false,
              "duration": 1,
              "state": "passed",
              "speed": "fast",
              "pass": true,
              "fail": false,
              "pending": false,
              "context": null,
              "code": "expect(response.status).to.equal(201);\nfs.writeFileSync('../tugaspekanan-3-api-automation/Environment/responselogin.json', JSON.stringify(response.body));",
              "err": {},
              "uuid": "58f59997-bf54-4ad4-b973-44e11eab4c21",
              "parentUUID": "b1b540f2-2e74-4f34-834e-b590c95186a3",
              "isHook": false,
              "skipped": false
            },
            {
              "title": "TC-002_harus ada redaksi \"Authentication berhasil ditambahkan\" pada text response",
              "fullTitle": "API Login Tests TC-002_harus ada redaksi \"Authentication berhasil ditambahkan\" pada text response",
              "timedOut": false,
              "duration": 0,
              "state": "passed",
              "speed": "fast",
              "pass": true,
              "fail": false,
              "pending": false,
              "context": null,
              "code": "expect(response.text).to.include('Authentication berhasil ditambahkan');",
              "err": {},
              "uuid": "aa99213d-83bf-48cb-a0d1-85b5ad47b7b4",
              "parentUUID": "b1b540f2-2e74-4f34-834e-b590c95186a3",
              "isHook": false,
              "skipped": false
            }
          ],
          "suites": [],
          "passes": [
            "58f59997-bf54-4ad4-b973-44e11eab4c21",
            "aa99213d-83bf-48cb-a0d1-85b5ad47b7b4"
          ],
          "failures": [],
          "pending": [],
          "skipped": [],
          "duration": 1,
          "root": false,
          "rootEmpty": false,
          "_timeout": 2000
        },
        {
          "uuid": "2fb009fc-c251-4a80-86a0-3e79bc8e00a2",
          "title": "API Create User Tests",
          "fullFile": "C:\\Pandu\\Bootcamp QA Automation - Sanbercode\\tugaspekanan-3-api-automation\\api-testing-pandu\\ts-2-create_user.js",
          "file": "\\api-testing-pandu\\ts-2-create_user.js",
          "beforeHooks": [],
          "afterHooks": [],
          "tests": [
            {
              "title": "TC-003_harus berhasil create user baru, mengembalikan respon kode 201 dan mendapat pesan \"User berhasil ditambahkan\" ",
              "fullTitle": "API Create User Tests TC-003_harus berhasil create user baru, mengembalikan respon kode 201 dan mendapat pesan \"User berhasil ditambahkan\" ",
              "timedOut": false,
              "duration": 442,
              "state": "passed",
              "speed": "slow",
              "pass": true,
              "fail": false,
              "pending": false,
              "context": null,
              "code": "const newUser = {\n  \"name\": \"Pandu\",\n  \"email\": \"panduws345@gmail.com\",\n  \"password\": \"123321saja\"\n};\nconst response = await request.post('/users')\n                              .set('Authorization', `Bearer ${accessToken}`)\n                              .send(newUser);\nexpect(response.status).to.equal(201);\nexpect(response.text).to.include('User berhasil ditambahkan');\nfs.writeFileSync('../tugaspekanan-3-api-automation/Environment/userid.json', JSON.stringify(response.body));",
              "err": {},
              "uuid": "4173bb41-3ac8-43bc-96b4-e8ce8b5e5dc8",
              "parentUUID": "2fb009fc-c251-4a80-86a0-3e79bc8e00a2",
              "isHook": false,
              "skipped": false
            }
          ],
          "suites": [],
          "passes": [
            "4173bb41-3ac8-43bc-96b4-e8ce8b5e5dc8"
          ],
          "failures": [],
          "pending": [],
          "skipped": [],
          "duration": 442,
          "root": false,
          "rootEmpty": false,
          "_timeout": 2000
        },
        {
          "uuid": "c3057944-ba5d-432e-93f3-6bd5b91fd07e",
          "title": "API Get User Tests",
          "fullFile": "C:\\Pandu\\Bootcamp QA Automation - Sanbercode\\tugaspekanan-3-api-automation\\api-testing-pandu\\ts-3-get_user_list.js",
          "file": "\\api-testing-pandu\\ts-3-get_user_list.js",
          "beforeHooks": [],
          "afterHooks": [],
          "tests": [
            {
              "title": "TC-004_harus berhasil mendapatkan list user dan mendapat response 200",
              "fullTitle": "API Get User Tests TC-004_harus berhasil mendapatkan list user dan mendapat response 200",
              "timedOut": false,
              "duration": 1,
              "state": "passed",
              "speed": "fast",
              "pass": true,
              "fail": false,
              "pending": false,
              "context": null,
              "code": "expect(response.status).to.equal(200);",
              "err": {},
              "uuid": "a5a39455-9aff-40a1-a3a3-7a18b9569558",
              "parentUUID": "c3057944-ba5d-432e-93f3-6bd5b91fd07e",
              "isHook": false,
              "skipped": false
            },
            {
              "title": "TC-005_harus berhasil mendapatkan response \"success\"",
              "fullTitle": "API Get User Tests TC-005_harus berhasil mendapatkan response \"success\"",
              "timedOut": false,
              "duration": 0,
              "state": "passed",
              "speed": "fast",
              "pass": true,
              "fail": false,
              "pending": false,
              "context": null,
              "code": "expect(response.text).to.include('success');",
              "err": {},
              "uuid": "f238308e-f2bc-4fc3-b45e-aa2a242dc00f",
              "parentUUID": "c3057944-ba5d-432e-93f3-6bd5b91fd07e",
              "isHook": false,
              "skipped": false
            }
          ],
          "suites": [],
          "passes": [
            "a5a39455-9aff-40a1-a3a3-7a18b9569558",
            "f238308e-f2bc-4fc3-b45e-aa2a242dc00f"
          ],
          "failures": [],
          "pending": [],
          "skipped": [],
          "duration": 1,
          "root": false,
          "rootEmpty": false,
          "_timeout": 2000
        },
        {
          "uuid": "83a0ebc1-a679-47b5-9422-e2b930cabdfe",
          "title": "API Update User Tests",
          "fullFile": "C:\\Pandu\\Bootcamp QA Automation - Sanbercode\\tugaspekanan-3-api-automation\\api-testing-pandu\\ts-4-update_user.js",
          "file": "\\api-testing-pandu\\ts-4-update_user.js",
          "beforeHooks": [],
          "afterHooks": [],
          "tests": [
            {
              "title": "TC-006_harus berhasil update user menjadi \"Pandu-update\" dan mendapat response 200",
              "fullTitle": "API Update User Tests TC-006_harus berhasil update user menjadi \"Pandu-update\" dan mendapat response 200",
              "timedOut": false,
              "duration": 101,
              "state": "passed",
              "speed": "slow",
              "pass": true,
              "fail": false,
              "pending": false,
              "context": null,
              "code": "const updateUser = {\n  \"name\": \"Pandu-update\",\n  \"email\": \"panduws345@gmail.com\"\n};\nconst response = await request.put(`/users/${userId}`)\n                              .set('Authorization', `Bearer ${accessToken}`)\n                              .send(updateUser);\n// Pastikan respons adalah 200 OK dan mencakup kata 'success'\nexpect(response.status).to.equal(200);\nexpect(response.text).to.include('Pandu-update');",
              "err": {},
              "uuid": "c091bdf3-71ba-47db-81c9-7b65d3be2e92",
              "parentUUID": "83a0ebc1-a679-47b5-9422-e2b930cabdfe",
              "isHook": false,
              "skipped": false
            }
          ],
          "suites": [],
          "passes": [
            "c091bdf3-71ba-47db-81c9-7b65d3be2e92"
          ],
          "failures": [],
          "pending": [],
          "skipped": [],
          "duration": 101,
          "root": false,
          "rootEmpty": false,
          "_timeout": 2000
        },
        {
          "uuid": "c6b244a5-c96c-4c88-88fe-aa268e1cad60",
          "title": "API Get User detil Tests",
          "fullFile": "C:\\Pandu\\Bootcamp QA Automation - Sanbercode\\tugaspekanan-3-api-automation\\api-testing-pandu\\ts-5-get_user_detil.js",
          "file": "\\api-testing-pandu\\ts-5-get_user_detil.js",
          "beforeHooks": [],
          "afterHooks": [],
          "tests": [
            {
              "title": "TC-007_harus berhasil get user dan mendapat response 200",
              "fullTitle": "API Get User detil Tests TC-007_harus berhasil get user dan mendapat response 200",
              "timedOut": false,
              "duration": 105,
              "state": "passed",
              "speed": "slow",
              "pass": true,
              "fail": false,
              "pending": false,
              "context": null,
              "code": "const response = await request.get(`/users/${userId}`)\n                              .set('Authorization', `Bearer ${accessToken}`);\nexpect(response.status).to.equal(200);\nexpect(response.text).to.include('success');",
              "err": {},
              "uuid": "b0b671bb-5280-4af3-ac98-d347153b0434",
              "parentUUID": "c6b244a5-c96c-4c88-88fe-aa268e1cad60",
              "isHook": false,
              "skipped": false
            }
          ],
          "suites": [],
          "passes": [
            "b0b671bb-5280-4af3-ac98-d347153b0434"
          ],
          "failures": [],
          "pending": [],
          "skipped": [],
          "duration": 105,
          "root": false,
          "rootEmpty": false,
          "_timeout": 2000
        },
        {
          "uuid": "667754be-6af9-42d0-81d7-83b6939d69f3",
          "title": "API Refresh Token Tests",
          "fullFile": "C:\\Pandu\\Bootcamp QA Automation - Sanbercode\\tugaspekanan-3-api-automation\\api-testing-pandu\\ts-7-refresh_token.js",
          "file": "\\api-testing-pandu\\ts-7-refresh_token.js",
          "beforeHooks": [],
          "afterHooks": [],
          "tests": [
            {
              "title": "TC-008_harus berhasil refresh token dan mendapat response 200",
              "fullTitle": "API Refresh Token Tests TC-008_harus berhasil refresh token dan mendapat response 200",
              "timedOut": false,
              "duration": 208,
              "state": "passed",
              "speed": "slow",
              "pass": true,
              "fail": false,
              "pending": false,
              "context": null,
              "code": "const refreshData = {\n    \"refreshToken\": refreshToken\n };\nconst response = await request.put(`/authentications`)\n                              .set('Authorization', `Bearer ${accessToken}`)\n                              .send(refreshData);\nexpect(response.status).to.equal(200);\nexpect(response.text).to.include('success');",
              "err": {},
              "uuid": "c9d8d83c-cbf5-44e5-8122-595b1cbe2c6a",
              "parentUUID": "667754be-6af9-42d0-81d7-83b6939d69f3",
              "isHook": false,
              "skipped": false
            }
          ],
          "suites": [],
          "passes": [
            "c9d8d83c-cbf5-44e5-8122-595b1cbe2c6a"
          ],
          "failures": [],
          "pending": [],
          "skipped": [],
          "duration": 208,
          "root": false,
          "rootEmpty": false,
          "_timeout": 2000
        },
        {
          "uuid": "1fd7eecd-01b5-4666-af91-911b39acc96f",
          "title": "API Delete User Tests",
          "fullFile": "C:\\Pandu\\Bootcamp QA Automation - Sanbercode\\tugaspekanan-3-api-automation\\api-testing-pandu\\ts-8-delete_user.js",
          "file": "\\api-testing-pandu\\ts-8-delete_user.js",
          "beforeHooks": [],
          "afterHooks": [],
          "tests": [
            {
              "title": "TC-009_harus berhasil delete user dan mendapat response 200",
              "fullTitle": "API Delete User Tests TC-009_harus berhasil delete user dan mendapat response 200",
              "timedOut": false,
              "duration": 93,
              "state": "passed",
              "speed": "slow",
              "pass": true,
              "fail": false,
              "pending": false,
              "context": null,
              "code": "const response = await request.del(`/users/${userId}`)\n                              .set('Authorization', `Bearer ${accessToken}`);\nexpect(response.status).to.equal(200);\nexpect(response.text).to.include('success');",
              "err": {},
              "uuid": "ebe10953-b4f5-46f1-a86c-7944fbf5b28e",
              "parentUUID": "1fd7eecd-01b5-4666-af91-911b39acc96f",
              "isHook": false,
              "skipped": false
            }
          ],
          "suites": [],
          "passes": [
            "ebe10953-b4f5-46f1-a86c-7944fbf5b28e"
          ],
          "failures": [],
          "pending": [],
          "skipped": [],
          "duration": 93,
          "root": false,
          "rootEmpty": false,
          "_timeout": 2000
        },
        {
          "uuid": "935912f7-50a9-4a0f-9c92-4bd7b9d0f5a9",
          "title": "API Logout Tests",
          "fullFile": "C:\\Pandu\\Bootcamp QA Automation - Sanbercode\\tugaspekanan-3-api-automation\\api-testing-pandu\\ts-9-logout.js",
          "file": "\\api-testing-pandu\\ts-9-logout.js",
          "beforeHooks": [],
          "afterHooks": [],
          "tests": [
            {
              "title": "TC-010_harus berhasil logout dan mendapat response 200",
              "fullTitle": "API Logout Tests TC-010_harus berhasil logout dan mendapat response 200",
              "timedOut": false,
              "duration": 242,
              "state": "passed",
              "speed": "slow",
              "pass": true,
              "fail": false,
              "pending": false,
              "context": null,
              "code": "const refreshData = {\n    \"refreshToken\": refreshToken\n };\nconst response = await request.delete(`/authentications`)\n                              .set('Authorization', `Bearer ${accessToken}`)\n                              .send(refreshData);\nexpect(response.status).to.equal(200);\nexpect(response.text).to.include('success');",
              "err": {},
              "uuid": "5510db79-9114-426a-b491-f43acb97165a",
              "parentUUID": "935912f7-50a9-4a0f-9c92-4bd7b9d0f5a9",
              "isHook": false,
              "skipped": false
            }
          ],
          "suites": [],
          "passes": [
            "5510db79-9114-426a-b491-f43acb97165a"
          ],
          "failures": [],
          "pending": [],
          "skipped": [],
          "duration": 242,
          "root": false,
          "rootEmpty": false,
          "_timeout": 2000
        }
      ],
      "passes": [],
      "failures": [],
      "pending": [],
      "skipped": [],
      "duration": 0,
      "root": true,
      "rootEmpty": true,
      "_timeout": 2000
    }
  ],
  "meta": {
    "mocha": {
      "version": "10.3.0"
    },
    "mochawesome": {
      "options": {
        "quiet": false,
        "reportFilename": "mochawesome",
        "saveHtml": true,
        "saveJson": true,
        "consoleReporter": "spec",
        "useInlineDiffs": false,
        "code": true
      },
      "version": "7.1.3"
    },
    "marge": {
      "options": null,
      "version": "6.2.0"
    }
  }
}